2026-03-30T17:26:22.8798215Z,Updating submodules.,b9985c1a-9ff1-4d5e-afc1-63c50f504d15,0
2026-03-30T17:26:24.1204131Z,Preparing deployment for commit id '99f46035-6'.,0b3e4832-f700-4504-8516-30fec66aa0ab,0
2026-03-30T17:26:24.6506478Z,PreDeployment: context.CleanOutputPath False,09455a41-88cd-418b-ba09-a611e77a559c,0
2026-03-30T17:26:24.8091035Z,PreDeployment: context.OutputPath /home/site/wwwroot,ecba98d6-960f-4e56-9774-4f3da53bd632,0
2026-03-30T17:26:25.0092958Z,Generating deployment script.,b028f916-45d5-4c02-b931-98642ee298d1,0
2026-03-30T17:26:25.4788261Z,Running deployment command...,78f13c52-e612-47fd-abc7-43000b560248,0
	2026-03-30T17:26:25.5073581Z,Command: /opt/Kudu/Scripts/parallel_rsync.sh /tmp/zipdeploy/extracted /home/site/wwwroot 8 /tmp/ False True  ,,0
	2026-03-30T17:26:25.8377650Z,Run rsync from: /tmp/zipdeploy/extracted/ to: /home/site/wwwroot/ in 8 parallel threads,,0
	2026-03-30T17:26:25.9259059Z,Delete options: clean=False&comma; use manifest=True&comma; directory to ignore=,,0
	2026-03-30T17:26:26.1470644Z,Prev manifest = /opt/Kudu/Scripts/firstDeploymentManifest and next /home/site/deployments/99f46035-6899-463f-91cc-c60b9c9ad593/manifest,,0
	2026-03-30T17:26:26.3055590Z,Cleaning up /tmp//filelist.txt and /tmp//splits,,0
	2026-03-30T17:26:26.3563189Z,Creating a list of all files at /tmp//filelist.txt,,0
	2026-03-30T17:26:26.5870338Z,No directory to exclude.,,0
	2026-03-30T17:26:26.7169726Z,Created /tmp//filelist.txt. Total number of files to be synced = 18.,,0
	2026-03-30T17:26:26.7579438Z,Created batches from the list of files. Processing 3 files in each thread,,0
	2026-03-30T17:26:26.8452813Z,Running rsync for filelist /tmp//splits/split.ab from /tmp/zipdeploy/extracted/ to /home/site/wwwroot/,,0
	2026-03-30T17:26:26.9069095Z,Running rsync for filelist /tmp//splits/split.ac from /tmp/zipdeploy/extracted/ to /home/site/wwwroot/,,0
	2026-03-30T17:26:26.9372824Z,Running rsync for filelist /tmp//splits/split.ad from /tmp/zipdeploy/extracted/ to /home/site/wwwroot/,,0
	2026-03-30T17:26:26.9461029Z,Running rsync for filelist /tmp//splits/split.aa from /tmp/zipdeploy/extracted/ to /home/site/wwwroot/,,0
	2026-03-30T17:26:26.9540406Z,Running rsync for filelist /tmp//splits/split.ae from /tmp/zipdeploy/extracted/ to /home/site/wwwroot/,,0
	2026-03-30T17:26:26.9897124Z,Running rsync for filelist /tmp//splits/split.af from /tmp/zipdeploy/extracted/ to /home/site/wwwroot/,,0
	2026-03-30T17:26:27.3683372Z,,,0
	2026-03-30T17:26:27.5187256Z,Number of files: 5 (reg: 3&comma; dir: 2),,0
	2026-03-30T17:26:27.6087576Z,Number of created files: 5 (reg: 3&comma; dir: 2),,0
	2026-03-30T17:26:27.6882655Z,Number of deleted files: 0,,0
	2026-03-30T17:26:27.7206452Z,Number of regular files transferred: 3,,0
	2026-03-30T17:26:27.7608424Z,Total file size: 1.31K bytes,,0
	2026-03-30T17:26:27.8080226Z,Total transferred file size: 1.31K bytes,,0
	2026-03-30T17:26:27.8480247Z,Literal data: 1.31K bytes,,0
	2026-03-30T17:26:27.8788030Z,Matched data: 0 bytes,,0
	2026-03-30T17:26:27.9087371Z,File list size: 0,,0
	2026-03-30T17:26:27.9289836Z,File list generation time: 0.001 seconds,,0
	2026-03-30T17:26:27.9784368Z,File list transfer time: 0.000 seconds,,0
	2026-03-30T17:26:28.0385860Z,Total bytes sent: 1.07K,,0
	2026-03-30T17:26:28.0697587Z,Total bytes received: 79,,0
	2026-03-30T17:26:28.1179850Z,,,0
	2026-03-30T17:26:28.1377388Z,sent 1.07K bytes  received 79 bytes  763.33 bytes/sec,,0
	2026-03-30T17:26:28.1437916Z,total size is 1.31K  speedup is 1.14,,0
	2026-03-30T17:26:28.1491598Z,Attempt 1: Rsync for filelist /tmp//splits/split.ab completed with exit code 0,,0
	2026-03-30T17:26:28.1549022Z,,,0
	2026-03-30T17:26:28.1600483Z,Number of files: 6 (reg: 3&comma; dir: 3),,0
	2026-03-30T17:26:28.1652359Z,Number of created files: 5 (reg: 3&comma; dir: 2),,0
	2026-03-30T17:26:28.1707799Z,Number of deleted files: 0,,0
	2026-03-30T17:26:28.1781610Z,Number of regular files transferred: 3,,0
	2026-03-30T17:26:28.1913121Z,Total file size: 3.38K bytes,,0
	2026-03-30T17:26:28.1963852Z,Total transferred file size: 3.38K bytes,,0
	2026-03-30T17:26:28.2015843Z,Literal data: 3.38K bytes,,0
	2026-03-30T17:26:28.2066221Z,Matched data: 0 bytes,,0
	2026-03-30T17:26:28.2120405Z,File list size: 0,,0
	2026-03-30T17:26:28.2169871Z,File list generation time: 0.001 seconds,,0
	2026-03-30T17:26:28.2227990Z,File list transfer time: 0.000 seconds,,0
	2026-03-30T17:26:28.2278303Z,Total bytes sent: 2.77K,,0
	2026-03-30T17:26:28.2328411Z,Total bytes received: 79,,0
	2026-03-30T17:26:28.2445654Z,,,0
	2026-03-30T17:26:28.2714094Z,sent 2.77K bytes  received 79 bytes  1.90K bytes/sec,,0
	2026-03-30T17:26:28.3107712Z,total size is 3.38K  speedup is 1.19,,0
	2026-03-30T17:26:28.3300898Z,Attempt 1: Rsync for filelist /tmp//splits/split.aa completed with exit code 0,,0
	2026-03-30T17:26:28.3355850Z,,,0
	2026-03-30T17:26:28.3411468Z,Number of files: 5 (reg: 3&comma; dir: 2),,0
	2026-03-30T17:26:28.3472862Z,Number of created files: 5 (reg: 3&comma; dir: 2),,0
	2026-03-30T17:26:28.3533188Z,Number of deleted files: 0,,0
	2026-03-30T17:26:28.3589203Z,Number of regular files transferred: 3,,0
	2026-03-30T17:26:28.3642179Z,Total file size: 2.00K bytes,,0
	2026-03-30T17:26:28.3693005Z,Total transferred file size: 2.00K bytes,,0
	2026-03-30T17:26:28.3746718Z,Literal data: 2.00K bytes,,0
	2026-03-30T17:26:28.3799729Z,Matched data: 0 bytes,,0
	2026-03-30T17:26:28.3859606Z,File list size: 0,,0
	2026-03-30T17:26:28.3912227Z,File list generation time: 0.001 seconds,,0
	2026-03-30T17:26:28.3963801Z,File list transfer time: 0.000 seconds,,0
	2026-03-30T17:26:28.4017406Z,Total bytes sent: 1.36K,,0
	2026-03-30T17:26:28.4072152Z,Total bytes received: 79,,0
	2026-03-30T17:26:28.4137895Z,,,0
	2026-03-30T17:26:28.4255515Z,sent 1.36K bytes  received 79 bytes  956.67 bytes/sec,,0
	2026-03-30T17:26:28.4308702Z,total size is 2.00K  speedup is 1.39,,0
	2026-03-30T17:26:28.4361310Z,Attempt 1: Rsync for filelist /tmp//splits/split.af completed with exit code 0,,0
	2026-03-30T17:26:28.4421261Z,,,0
	2026-03-30T17:26:28.4474466Z,Number of files: 5 (reg: 3&comma; dir: 2),,0
	2026-03-30T17:26:28.4531576Z,Number of created files: 4 (reg: 3&comma; dir: 1),,0
	2026-03-30T17:26:28.4584971Z,Number of deleted files: 0,,0
	2026-03-30T17:26:28.4640549Z,Number of regular files transferred: 3,,0
	2026-03-30T17:26:28.4693283Z,Total file size: 88.55K bytes,,0
	2026-03-30T17:26:28.4750751Z,Total transferred file size: 88.55K bytes,,0
	2026-03-30T17:26:28.4881980Z,Literal data: 88.55K bytes,,0
	2026-03-30T17:26:28.4937782Z,Matched data: 0 bytes,,0
	2026-03-30T17:26:28.4991513Z,File list size: 0,,0
	2026-03-30T17:26:28.5045711Z,File list generation time: 0.001 seconds,,0
	2026-03-30T17:26:28.5098895Z,File list transfer time: 0.000 seconds,,0
	2026-03-30T17:26:28.5153879Z,Total bytes sent: 24.21K,,0
	2026-03-30T17:26:28.5207525Z,Total bytes received: 79,,0
	2026-03-30T17:26:28.5261936Z,,,0
	2026-03-30T17:26:28.5321205Z,sent 24.21K bytes  received 79 bytes  16.20K bytes/sec,,0
	2026-03-30T17:26:28.5372596Z,total size is 88.55K  speedup is 3.65,,0
	2026-03-30T17:26:28.5445257Z,Attempt 1: Rsync for filelist /tmp//splits/split.ac completed with exit code 0,,0
	2026-03-30T17:26:28.5498999Z,,,0
	2026-03-30T17:26:28.5552168Z,Number of files: 5 (reg: 3&comma; dir: 2),,0
	2026-03-30T17:26:28.5603312Z,Number of created files: 4 (reg: 3&comma; dir: 1),,0
	2026-03-30T17:26:28.5656266Z,Number of deleted files: 0,,0
	2026-03-30T17:26:28.5715489Z,Number of regular files transferred: 3,,0
	2026-03-30T17:26:28.5769153Z,Total file size: 1.14K bytes,,0
	2026-03-30T17:26:28.5821217Z,Total transferred file size: 1.14K bytes,,0
	2026-03-30T17:26:28.5875355Z,Literal data: 1.14K bytes,,0
	2026-03-30T17:26:28.5928045Z,Matched data: 0 bytes,,0
	2026-03-30T17:26:28.5979489Z,File list size: 0,,0
	2026-03-30T17:26:28.6030868Z,File list generation time: 0.001 seconds,,0
	2026-03-30T17:26:28.6083457Z,File list transfer time: 0.000 seconds,,0
	2026-03-30T17:26:28.6133908Z,Total bytes sent: 979,,0
	2026-03-30T17:26:28.6186297Z,Total bytes received: 79,,0
	2026-03-30T17:26:28.6234755Z,,,0
	2026-03-30T17:26:28.6293884Z,sent 979 bytes  received 79 bytes  705.33 bytes/sec,,0
	2026-03-30T17:26:28.6346890Z,total size is 1.14K  speedup is 1.08,,0
	2026-03-30T17:26:28.6397676Z,Attempt 1: Rsync for filelist /tmp//splits/split.ad completed with exit code 0,,0
	2026-03-30T17:26:28.6446386Z,,,0
	2026-03-30T17:26:28.6495082Z,Number of files: 6 (reg: 3&comma; dir: 3),,0
	2026-03-30T17:26:28.6552182Z,Number of created files: 6 (reg: 3&comma; dir: 3),,0
	2026-03-30T17:26:28.6600138Z,Number of deleted files: 0,,0
	2026-03-30T17:26:28.6691720Z,Number of regular files transferred: 3,,0
	2026-03-30T17:26:28.6742353Z,Total file size: 7.15K bytes,,0
	2026-03-30T17:26:28.6791973Z,Total transferred file size: 7.15K bytes,,0
	2026-03-30T17:26:28.6841662Z,Literal data: 7.15K bytes,,0
	2026-03-30T17:26:28.6891097Z,Matched data: 0 bytes,,0
	2026-03-30T17:26:28.6943568Z,File list size: 0,,0
	2026-03-30T17:26:28.6991874Z,File list generation time: 0.087 seconds,,0
	2026-03-30T17:26:28.7040726Z,File list transfer time: 0.000 seconds,,0
	2026-03-30T17:26:28.7091691Z,Total bytes sent: 2.44K,,0
	2026-03-30T17:26:28.7142402Z,Total bytes received: 82,,0
	2026-03-30T17:26:28.7193187Z,,,0
	2026-03-30T17:26:28.7241846Z,sent 2.44K bytes  received 82 bytes  1.68K bytes/sec,,0
	2026-03-30T17:26:28.7292011Z,total size is 7.15K  speedup is 2.83,,0
	2026-03-30T17:26:28.7347846Z,Attempt 1: Rsync for filelist /tmp//splits/split.ae completed with exit code 0,,0
	2026-03-30T17:26:28.7397206Z,Deleting files not present in /tmp/zipdeploy/extracted/ from /home/site/wwwroot/ based on manifest file /opt/Kudu/Scripts/firstDeploymentManifest,,0
	2026-03-30T17:26:28.7446767Z,Number of files deleted: 1. See /tmp//rsync_deletion_logs.txt for more details.,,0
	2026-03-30T17:26:28.7496919Z,create new manifest file at /home/site/deployments/99f46035-6899-463f-91cc-c60b9c9ad593/manifest,,0
	2026-03-30T17:26:28.7546332Z,Completed successfully in 2 seconds,,0
2026-03-30T17:26:28.9488288Z,Running post deployment command(s)...,d5a8b1d3-fd82-4fca-b21c-8199e0cdca47,0
2026-03-30T17:26:29.1053753Z,Triggering recycle (preview mode disabled).,7c36e94c-11a6-453c-8cde-ea01f6b96205,0
2026-03-30T17:26:29.3876911Z,Deployment successful. deployer = Push-Deployer deploymentPath = ZipDeploy. Extract zip.,4d84da95-4be5-4142-95e1-ca2b4c28f3f7,0
